Unrecognized option: --use-aapt1
Apktool 3.0.1 - a tool for reengineering Android apk files
with smali 3.0.9-dev and baksmali 3.0.9-dev
Copyright 2010 Ryszard Wiśniewski <brut.alll@gmail.com>
Copyright 2010 Connor Tumbleson <connor.tumbleson@gmail.com>
Apache License 2.0 (https://www.apache.org/licenses/LICENSE-2.0)

General options:
 -q,--quiet     Suppress normal output.
 -v,--verbose   Increase output verbosity.

apktool b|build [options] <apk-dir>
    --aapt <file>          Use aapt2 binary located in <file>.
    --copy-original        Copy original AndroidManifest.xml and META-INF. See project page for more info.
    --debuggable           Set android:debuggable to "true" in AndroidManifest.xml for the built apk.
 -f,--force                Skip changes detection and build all files.
 -j,--jobs <num>           Set the number of jobs to execute in parallel to <num>.
 -l,--lib <package:file>   Use shared library <package> located in <file>.
                           Can be specified multiple times.
    --net-sec-conf         Add a generic network security configuration file to the built apk.
    --no-apk               Disable repacking of the built files into a new apk.
    --no-crunch            Disable crunching of resource files during the build step.
 -o,--output <file>        Output the built apk to <file>. (default: dist/name.apk)
 -p,--frame-path <dir>     Use framework files located in <dir>.

For additional info, see: https://apktool.org
For smali/baksmali info, see: https://github.com/google/smali
